<?xml version="1.0" encoding="UTF-8"?>
<testsuite name="com.ccm.pokemon.pokemon.domain.services.PokemonFinderTest" tests="2" skipped="0" failures="0" errors="0" timestamp="2021-05-12T00:25:07" hostname="debian" time="0.017">
  <properties/>
  <testcase name="verify_findPokemon_returnsPokemon_whenPokemonExistsInRepository()" classname="com.ccm.pokemon.pokemon.domain.services.PokemonFinderTest" time="0.004"/>
  <testcase name="verify_findPokemon_returnsPokemonFromPokemonApi_whenPokemonDoesNotExistInRepository()" classname="com.ccm.pokemon.pokemon.domain.services.PokemonFinderTest" time="0.011"/>
  <system-out><![CDATA[]]></system-out>
  <system-err><![CDATA[]]></system-err>
</testsuite>
