<?xml version="1.0" encoding="UTF-8"?>
<testsuite name="com.ccm.pokemon.pokemon.domain.services.PokemonSaverTest" tests="2" skipped="0" failures="0" errors="0" timestamp="2021-05-11T23:05:19" hostname="debian" time="0.085">
  <properties/>
  <testcase name="verify_persist_updatesPokemon_whenIsFoundInRepository()" classname="com.ccm.pokemon.pokemon.domain.services.PokemonSaverTest" time="0.077"/>
  <testcase name="verify_persist_createsPokemon_whenIsNotFoundInRepository()" classname="com.ccm.pokemon.pokemon.domain.services.PokemonSaverTest" time="0.006"/>
  <system-out><![CDATA[]]></system-out>
  <system-err><![CDATA[]]></system-err>
</testsuite>
