<?xml version="1.0" encoding="UTF-8"?>
<testsuite name="com.ccm.user.user.domain.services.AddFavouritePokemonToUserTest" tests="3" skipped="0" failures="0" errors="0" timestamp="2021-05-12T00:19:10" hostname="debian" time="0.135">
  <properties/>
  <testcase name="verify_execute_callsToMethods()" classname="com.ccm.user.user.domain.services.AddFavouritePokemonToUserTest" time="0.073"/>
  <testcase name="verify_execute_throwsUserNotFoundException()" classname="com.ccm.user.user.domain.services.AddFavouritePokemonToUserTest" time="0.004"/>
  <testcase name="verify_execute_throwsFavouritePokemonAlreadyExistsException()" classname="com.ccm.user.user.domain.services.AddFavouritePokemonToUserTest" time="0.056"/>
  <system-out><![CDATA[]]></system-out>
  <system-err><![CDATA[]]></system-err>
</testsuite>
