<?xml version="1.0" encoding="UTF-8"?>
<testsuite name="com.ccm.user.user.application.usecases.AddUserUseCaseTest" tests="2" skipped="0" failures="0" errors="0" timestamp="2021-05-12T00:19:05" hostname="debian" time="0.036">
  <properties/>
  <testcase name="verify_createUser_throwsUserAlreadyExistsException()" classname="com.ccm.user.user.application.usecases.AddUserUseCaseTest" time="0.027"/>
  <testcase name="verify_createUser_CallsToMethods()" classname="com.ccm.user.user.application.usecases.AddUserUseCaseTest" time="0.008"/>
  <system-out><![CDATA[]]></system-out>
  <system-err><![CDATA[]]></system-err>
</testsuite>
