<?xml version="1.0" encoding="UTF-8"?>
<testsuite name="com.ccm.user.user.domain.services.AddFavouritePokemonToUserTest" tests="3" skipped="0" failures="0" errors="0" timestamp="2021-05-11T23:05:24" hostname="debian" time="0.09">
  <properties/>
  <testcase name="verify_execute_callsToMethods()" classname="com.ccm.user.user.domain.services.AddFavouritePokemonToUserTest" time="0.048"/>
  <testcase name="verify_execute_throwsUserNotFoundException()" classname="com.ccm.user.user.domain.services.AddFavouritePokemonToUserTest" time="0.003"/>
  <testcase name="verify_execute_throwsFavouritePokemonAlreadyExistsException()" classname="com.ccm.user.user.domain.services.AddFavouritePokemonToUserTest" time="0.036"/>
  <system-out><![CDATA[]]></system-out>
  <system-err><![CDATA[]]></system-err>
</testsuite>
