<?xml version="1.0" encoding="UTF-8"?>
<testsuite name="com.ccm.pokemon.pokemon.infrastructure.repository.InMemoryPokemonRepositoryTest" tests="5" skipped="0" failures="0" errors="0" timestamp="2021-05-12T00:19:02" hostname="debian" time="0.029">
  <properties/>
  <testcase name="verify_update_updatesPokemon_whenPokemonExist()" classname="com.ccm.pokemon.pokemon.infrastructure.repository.InMemoryPokemonRepositoryTest" time="0.009"/>
  <testcase name="verify_find_returnsNull_whenPokemonDoesNotExists()" classname="com.ccm.pokemon.pokemon.infrastructure.repository.InMemoryPokemonRepositoryTest" time="0.003"/>
  <testcase name="verify_exists_returnsTrue_whenPokemonExists()" classname="com.ccm.pokemon.pokemon.infrastructure.repository.InMemoryPokemonRepositoryTest" time="0.004"/>
  <testcase name="verify_find_returnsPokemon_whenPokemonIsStoragedAndPokemonIdIsPassed()" classname="com.ccm.pokemon.pokemon.infrastructure.repository.InMemoryPokemonRepositoryTest" time="0.003"/>
  <testcase name="verify_exists_returnsFalse_whenPokemonDoesNotExist()" classname="com.ccm.pokemon.pokemon.infrastructure.repository.InMemoryPokemonRepositoryTest" time="0.003"/>
  <system-out><![CDATA[]]></system-out>
  <system-err><![CDATA[]]></system-err>
</testsuite>
