<?xml version="1.0" encoding="UTF-8"?>
<testsuite name="com.ccm.user.user.domain.services.UserFinderTest" tests="2" skipped="0" failures="0" errors="0" timestamp="2021-05-12T00:25:12" hostname="debian" time="0.117">
  <properties/>
  <testcase name="verify_findUser_callsToMethods()" classname="com.ccm.user.user.domain.services.UserFinderTest" time="0.112"/>
  <testcase name="verify_createUser_throwsUserNotFoundException()" classname="com.ccm.user.user.domain.services.UserFinderTest" time="0.004"/>
  <system-out><![CDATA[]]></system-out>
  <system-err><![CDATA[]]></system-err>
</testsuite>
