<?xml version="1.0" encoding="UTF-8"?>
<testsuite name="com.ccm.user.user.infrastructure.rabbitmq.RabbitMqEventPublisherIT" tests="1" skipped="0" failures="0" errors="0" timestamp="2021-05-10T23:08:39" hostname="debian" time="1.298">
  <properties/>
  <testcase name="verify_publish_sendsProperlyMessageToQueue_whenMessageIsCorrect()" classname="com.ccm.user.user.infrastructure.rabbitmq.RabbitMqEventPublisherIT" time="1.298"/>
  <system-out><![CDATA[]]></system-out>
  <system-err><![CDATA[may. 11, 2021 1:08:35 A. M. org.jboss.threads.Version <clinit>
INFO: JBoss Threads version 3.2.0.Final
may. 11, 2021 1:08:38 A. M. org.jboss.threads.Version <clinit>
INFO: JBoss Threads version 3.2.0.Final
may. 11, 2021 1:08:38 A. M. com.ccm.pokemon.pokemon.infrastructure.listener.RabbitMqEventListener onStart
INFO: RabbitMqEventListener is starting...
may. 11, 2021 1:08:38 A. M. com.ccm.pokemon.pokemon.infrastructure.listener.BaseRabbitMqListener configureListener
INFO: RabbitMqEventListener is about to be configured
may. 11, 2021 1:08:39 A. M. com.ccm.user.user.infrastructure.rabbitmq.RabbitMqEventPublisher onStart
INFO: RabbitMqEventPublisher starting...
may. 11, 2021 1:08:39 A. M. com.ccm.user.user.infrastructure.rabbitmq.BaseRabbitMqEventPublisher configurePublisher
INFO: RabbitMqEventPublisher being configured
may. 11, 2021 1:08:39 A. M. io.quarkus.bootstrap.runner.Timing printStartupTime
INFO: Quarkus 1.11.3.Final on JVM started in 4.886s. Listening on: http://localhost:8081
may. 11, 2021 1:08:39 A. M. io.quarkus.bootstrap.runner.Timing printStartupTime
INFO: Profile test activated. 
may. 11, 2021 1:08:39 A. M. io.quarkus.bootstrap.runner.Timing printStartupTime
INFO: Installed features: [cdi, mutiny, rest-client, rest-client-jsonb, resteasy, resteasy-jsonb, smallrye-context-propagation, smallrye-reactive-messaging, vertx]
may. 11, 2021 1:08:40 A. M. com.ccm.user.user.infrastructure.rabbitmq.RabbitMqEventPublisher publish
INFO: RabbitMqEventPublisher: publish method called for message {"pokemonId":1}
may. 11, 2021 1:08:40 A. M. com.ccm.pokemon.pokemon.infrastructure.listener.BaseRabbitMqListener onMessage
INFO: ================= Message received =================
]]></system-err>
</testsuite>
