<?xml version="1.0" encoding="UTF-8"?>
<testsuite name="com.ccm.pokemon.pokemon.infrastructure.controller.PokemonControllerTest" tests="2" skipped="0" failures="0" errors="0" timestamp="2021-05-12T00:19:02" hostname="debian" time="3.064">
  <properties/>
  <testcase name="shouldNotGetPokemon()" classname="com.ccm.pokemon.pokemon.infrastructure.controller.PokemonControllerTest" time="1.567"/>
  <testcase name="shouldGetPokemon()" classname="com.ccm.pokemon.pokemon.infrastructure.controller.PokemonControllerTest" time="1.495"/>
  <system-out><![CDATA[]]></system-out>
  <system-err><![CDATA[may. 12, 2021 2:19:03 A. M. com.ccm.pokemon.pokemon.infrastructure.controller.PokemonController getPokemon
INFO: PokemonController Get Pokemon called with pokemonId:0
may. 12, 2021 2:19:03 A. M. com.ccm.pokemon.pokemon.infrastructure.controller.PokemonController getPokemon
INFO: PokemonController Get Pokemon called with pokemonId:1
]]></system-err>
</testsuite>
