<?xml version="1.0" encoding="UTF-8"?>
<testsuite name="com.ccm.user.user.application.usecases.AddFavouritePokemonUseCaseTest" tests="3" skipped="0" failures="0" errors="0" timestamp="2021-05-12T00:25:07" hostname="debian" time="0.114">
  <properties/>
  <testcase name="verify_addFavouritePokemon_throwsFavouritePokemonAlreadyExistsException()" classname="com.ccm.user.user.application.usecases.AddFavouritePokemonUseCaseTest" time="0.045"/>
  <testcase name="verify_addFavouritePokemon_CallsToMethods()" classname="com.ccm.user.user.application.usecases.AddFavouritePokemonUseCaseTest" time="0.061"/>
  <testcase name="verify_addFavouritePokemon_throwsUserNotFoundException()" classname="com.ccm.user.user.application.usecases.AddFavouritePokemonUseCaseTest" time="0.003"/>
  <system-out><![CDATA[]]></system-out>
  <system-err><![CDATA[may. 12, 2021 2:25:07 A. M. com.ccm.user.user.infrastructure.publisher.RabbitMqEventPublisher publish
INFO: ================= Message Published: {"pokemonId":123} =================
]]></system-err>
</testsuite>
