<?xml version="1.0" encoding="UTF-8"?>
<testsuite name="com.ccm.user.user.application.usecases.AddFavouritePokemonUseCaseTest" tests="3" skipped="0" failures="0" errors="0" timestamp="2021-05-12T00:19:05" hostname="debian" time="0.117">
  <properties/>
  <testcase name="verify_addFavouritePokemon_throwsFavouritePokemonAlreadyExistsException()" classname="com.ccm.user.user.application.usecases.AddFavouritePokemonUseCaseTest" time="0.041"/>
  <testcase name="verify_addFavouritePokemon_CallsToMethods()" classname="com.ccm.user.user.application.usecases.AddFavouritePokemonUseCaseTest" time="0.062"/>
  <testcase name="verify_addFavouritePokemon_throwsUserNotFoundException()" classname="com.ccm.user.user.application.usecases.AddFavouritePokemonUseCaseTest" time="0.002"/>
  <system-out><![CDATA[]]></system-out>
  <system-err><![CDATA[may. 12, 2021 2:19:05 A. M. com.ccm.user.user.infrastructure.publisher.RabbitMqEventPublisher publish
INFO: ================= Message Published: {"pokemonId":123} =================
]]></system-err>
</testsuite>
