<?xml version="1.0" encoding="UTF-8"?>
<testsuite name="com.ccm.pokemon.pokemon.infrastructure.listener.RabbitMqEventListenerIT" tests="1" skipped="0" failures="0" errors="0" timestamp="2021-05-12T00:19:05" hostname="debian" time="0.018">
  <properties/>
  <testcase name="verify_handle_savesPokemonInformation_whenMessageIsReceived()" classname="com.ccm.pokemon.pokemon.infrastructure.listener.RabbitMqEventListenerIT" time="0.018"/>
  <system-out><![CDATA[]]></system-out>
  <system-err><![CDATA[may. 12, 2021 2:19:05 A. M. com.ccm.pokemon.pokemon.application.useCases.FavouritePokemonAddedNotifierUseCase addFavouritePokemonCounter
INFO: FavouritePokemonAddedNotifierUseCase called
may. 12, 2021 2:19:05 A. M. com.ccm.pokemon.pokemon.domain.services.FavouritePokemonCounterUpdater execute
INFO: Trying to update pokemon 'bulbasaur' favourite counter
may. 12, 2021 2:19:05 A. M. com.ccm.pokemon.pokemon.domain.services.FavouritePokemonCounterUpdater execute
INFO: Pokemon 'bulbasaur' favourite counter updated to 1
]]></system-err>
</testsuite>
