<?xml version="1.0" encoding="UTF-8"?>
<testsuite name="com.ccm.user.user.infrastructure.converter.ObjectToJsonStringConverterTest" tests="2" skipped="0" failures="0" errors="0" timestamp="2021-05-12T00:25:12" hostname="debian" time="0.008">
  <properties/>
  <testcase name="verify_convert_returnsJsonObjectStringified_whenFavouritePokemonIdIsPassed()" classname="com.ccm.user.user.infrastructure.converter.ObjectToJsonStringConverterTest" time="0.002"/>
  <testcase name="verify_convert_returnsEmptyString_whenNullIsPassed()" classname="com.ccm.user.user.infrastructure.converter.ObjectToJsonStringConverterTest" time="0.002"/>
  <system-out><![CDATA[]]></system-out>
  <system-err><![CDATA[]]></system-err>
</testsuite>
